
===================================================================
Runtime Validation Services Starting
===================================================================

Pre-flight checks...
✓ EVENT_STORE_PATH: ./runtime/event_store.db
Heartbeat service started. Run ID: rv-2026-03-30-g3gcm2
Runs for 48 hours until 2026-04-01T13:45:20.868Z
Health checker started
Event Store: ./runtime/event_store.db

Services started successfully
Press Ctrl+C to stop gracefully

[2026-03-30T18:21:23.806Z] WARN: ALERT - [WARN] Health Check Warning: [{"name":"event_store","status":"OK","details":"DB exists, last modified 23979s ago"},{"name":"circuit_breaker","status":"OK","state":"CLOSED","details":"Circuit Breaker is CLOSED"},{"name":"memory","status":"WARN","heap_used_mb":4,"heap_total_mb":5,"percent_used":81,"rss_mb":45,"growth_percent":0,"samples_count":1,"details":"Heap: 4.3/5.3 MB (81.0%), Trend: 0.0% over 6h"},{"name":"uptime","status":"OK","uptime_seconds":0,"uptime_hours":0,"details":"Process running for 0.00 hours"},{"name":"logs","status":"OK","total_size_mb":1.76,"large_files":0,"details":"Total: 1.8MB"}]
[2026-03-30T18:21:23.806Z] WARN: ALERT - [WARN] Memory Usage High: 81.7% > 80%
[2026-03-30T18:21:23.806Z] WARN: MEMORY_WARN - 81.7%
[2026-03-30T18:21:23.807Z] WARN: ALERT - [WARN] Health Check Warning: [{"name":"event_store","status":"OK","details":"DB exists, last modified 23979s ago"},{"name":"circuit_breaker","status":"OK","state":"CLOSED","details":"Circuit Breaker is CLOSED"},{"name":"memory","status":"WARN","heap_used_mb":4,"heap_total_mb":5,"percent_used":81.1,"rss_mb":45,"growth_percent":0,"samples_count":2,"details":"Heap: 4.3/5.3 MB (81.1%), Trend: 0.0% over 6h"},{"name":"uptime","status":"OK","uptime_seconds":0,"uptime_hours":0,"details":"Process running for 0.00 hours"},{"name":"logs","status":"OK","total_size_mb":1.76,"large_files":0,"details":"Total: 1.8MB"}]
[2026-03-30T18:21:23.807Z] WARN: ALERT - [WARN] Memory Usage High: 82.2% > 80%
[2026-03-30T18:21:23.807Z] WARN: MEMORY_WARN - 82.2%
[2026-03-30T18:21:23.807Z] Health Check: WARN
  Details: [
  {
    "name": "event_store",
    "status": "OK"
  },
  {
    "name": "circuit_breaker",
    "status": "OK"
  },
  {
    "name": "memory",
    "status": "WARN"
  },
  {
    "name": "uptime",
    "status": "OK"
  },
  {
    "name": "logs",
    "status": "OK"
  }
]
[2026-03-30T18:26:23.803Z] WARN: ALERT - [WARN] Health Check Warning: [{"name":"event_store","status":"OK","details":"DB exists, last modified 24279s ago"},{"name":"circuit_breaker","status":"OK","state":"CLOSED","details":"Circuit Breaker is CLOSED"},{"name":"memory","status":"WARN","heap_used_mb":5,"heap_total_mb":5,"percent_used":85.7,"rss_mb":45,"growth_percent":0,"samples_count":3,"details":"Heap: 4.6/5.3 MB (85.7%), Trend: 0.0% over 6h"},{"name":"uptime","status":"OK","uptime_seconds":300,"uptime_hours":0.08,"details":"Process running for 0.08 hours"},{"name":"logs","status":"OK","total_size_mb":1.76,"large_files":0,"details":"Total: 1.8MB"}]
[2026-03-30T18:26:23.804Z] WARN: ALERT - [WARN] Memory Usage High: 86.1% > 80%
[2026-03-30T18:26:23.804Z] WARN: MEMORY_WARN - 86.1%
[2026-03-30T18:26:23.804Z] CRITICAL: ALERT - [CRITICAL] Memory Leak Detected: Growth: 25.0% > 20%
[2026-03-30T18:26:23.804Z] Health Check: WARN
  Details: [
  {
    "name": "event_store",
    "status": "OK"
  },
  {
    "name": "circuit_breaker",
    "status": "OK"
  },
  {
    "name": "memory",
    "status": "WARN"
  },
  {
    "name": "uptime",
    "status": "OK"
  },
  {
    "name": "logs",
    "status": "OK"
  }
]
[2026-03-30T18:31:23.804Z] Health Check: OK
[2026-03-30T18:36:23.804Z] WARN: ALERT - [WARN] Health Check Warning: [{"name":"event_store","status":"OK","details":"DB exists, last modified 24879s ago"},{"name":"circuit_breaker","status":"OK","state":"CLOSED","details":"Circuit Breaker is CLOSED"},{"name":"memory","status":"WARN","heap_used_mb":4,"heap_total_mb":5,"percent_used":82.2,"rss_mb":46,"growth_percent":0,"samples_count":5,"details":"Heap: 4.4/5.3 MB (82.2%), Trend: 0.0% over 6h"},{"name":"uptime","status":"OK","uptime_seconds":900,"uptime_hours":0.25,"details":"Process running for 0.25 hours"},{"name":"logs","status":"OK","total_size_mb":1.77,"large_files":0,"details":"Total: 1.8MB"}]
[2026-03-30T18:36:23.805Z] WARN: ALERT - [WARN] Memory Usage High: 82.5% > 80%
[2026-03-30T18:36:23.805Z] WARN: MEMORY_WARN - 82.5%
[2026-03-30T18:36:23.805Z] Health Check: WARN
  Details: [
  {
    "name": "event_store",
    "status": "OK"
  },
  {
    "name": "circuit_breaker",
    "status": "OK"
  },
  {
    "name": "memory",
    "status": "WARN"
  },
  {
    "name": "uptime",
    "status": "OK"
  },
  {
    "name": "logs",
    "status": "OK"
  }
]
[2026-03-30T18:41:23.805Z] WARN: ALERT - [WARN] Health Check Warning: [{"name":"event_store","status":"OK","details":"DB exists, last modified 25179s ago"},{"name":"circuit_breaker","status":"OK","state":"CLOSED","details":"Circuit Breaker is CLOSED"},{"name":"memory","status":"WARN","heap_used_mb":5,"heap_total_mb":5,"percent_used":85.4,"rss_mb":52,"growth_percent":0,"samples_count":6,"details":"Heap: 4.6/5.3 MB (85.4%), Trend: 0.0% over 6h"},{"name":"uptime","status":"OK","uptime_seconds":1200,"uptime_hours":0.33,"details":"Process running for 0.33 hours"},{"name":"logs","status":"OK","total_size_mb":1.78,"large_files":0,"details":"Total: 1.8MB"}]
[2026-03-30T18:41:23.805Z] WARN: ALERT - [WARN] Memory Usage High: 85.7% > 80%
[2026-03-30T18:41:23.805Z] WARN: MEMORY_WARN - 85.7%
[2026-03-30T18:41:23.805Z] CRITICAL: ALERT - [CRITICAL] Memory Leak Detected: Growth: 25.0% > 20%
[2026-03-30T18:41:23.806Z] Health Check: WARN
  Details: [
  {
    "name": "event_store",
    "status": "OK"
  },
  {
    "name": "circuit_breaker",
    "status": "OK"
  },
  {
    "name": "memory",
    "status": "WARN"
  },
  {
    "name": "uptime",
    "status": "OK"
  },
  {
    "name": "logs",
    "status": "OK"
  }
]
[2026-03-30T18:46:23.806Z] Health Check: OK
[2026-03-30T18:51:23.807Z] Health Check: OK
[2026-03-30T18:56:23.809Z] Health Check: OK
[2026-03-30T19:01:23.810Z] WARN: ALERT - [WARN] Health Check Warning: [{"name":"event_store","status":"OK","details":"DB exists, last modified 26379s ago"},{"name":"circuit_breaker","status":"OK","state":"CLOSED","details":"Circuit Breaker is CLOSED"},{"name":"memory","status":"WARN","heap_used_mb":4,"heap_total_mb":6,"percent_used":80.2,"rss_mb":52,"growth_percent":0,"samples_count":10,"details":"Heap: 4.5/5.6 MB (80.2%), Trend: 0.0% over 6h"},{"name":"uptime","status":"OK","uptime_seconds":2400,"uptime_hours":0.67,"details":"Process running for 0.67 hours"},{"name":"logs","status":"OK","total_size_mb":1.8,"large_files":0,"details":"Total: 1.8MB"}]
[2026-03-30T19:01:23.810Z] WARN: ALERT - [WARN] Memory Usage High: 80.5% > 80%
[2026-03-30T19:01:23.810Z] WARN: MEMORY_WARN - 80.5%
[2026-03-30T19:01:23.810Z] CRITICAL: ALERT - [CRITICAL] Memory Leak Detected: Growth: 25.0% > 20%
[2026-03-30T19:01:23.811Z] Health Check: WARN
  Details: [
  {
    "name": "event_store",
    "status": "OK"
  },
  {
    "name": "circuit_breaker",
    "status": "OK"
  },
  {
    "name": "memory",
    "status": "WARN"
  },
  {
    "name": "uptime",
    "status": "OK"
  },
  {
    "name": "logs",
    "status": "OK"
  }
]
[2026-03-30T19:06:23.811Z] WARN: ALERT - [WARN] Health Check Warning: [{"name":"event_store","status":"OK","details":"DB exists, last modified 26679s ago"},{"name":"circuit_breaker","status":"OK","state":"CLOSED","details":"Circuit Breaker is CLOSED"},{"name":"memory","status":"WARN","heap_used_mb":5,"heap_total_mb":6,"percent_used":83.5,"rss_mb":53,"growth_percent":0,"samples_count":11,"details":"Heap: 4.7/5.6 MB (83.5%), Trend: 0.0% over 6h"},{"name":"uptime","status":"OK","uptime_seconds":2700,"uptime_hours":0.75,"details":"Process running for 0.75 hours"},{"name":"logs","status":"OK","total_size_mb":1.8,"large_files":0,"details":"Total: 1.8MB"}]
[2026-03-30T19:06:23.812Z] WARN: ALERT - [WARN] Memory Usage High: 83.8% > 80%
[2026-03-30T19:06:23.812Z] WARN: MEMORY_WARN - 83.8%
[2026-03-30T19:06:23.812Z] CRITICAL: ALERT - [CRITICAL] Memory Leak Detected: Growth: 25.0% > 20%
[2026-03-30T19:06:23.812Z] Health Check: WARN
  Details: [
  {
    "name": "event_store",
    "status": "OK"
  },
  {
    "name": "circuit_breaker",
    "status": "OK"
  },
  {
    "name": "memory",
    "status": "WARN"
  },
  {
    "name": "uptime",
    "status": "OK"
  },
  {
    "name": "logs",
    "status": "OK"
  }
]
[2026-03-30T19:11:23.811Z] WARN: ALERT - [WARN] Health Check Warning: [{"name":"event_store","status":"OK","details":"DB exists, last modified 26979s ago"},{"name":"circuit_breaker","status":"OK","state":"CLOSED","details":"Circuit Breaker is CLOSED"},{"name":"memory","status":"WARN","heap_used_mb":5,"heap_total_mb":6,"percent_used":85.8,"rss_mb":53,"growth_percent":0,"samples_count":12,"details":"Heap: 4.8/5.6 MB (85.8%), Trend: 0.0% over 6h"},{"name":"uptime","status":"OK","uptime_seconds":3000,"uptime_hours":0.83,"details":"Process running for 0.83 hours"},{"name":"logs","status":"OK","total_size_mb":1.81,"large_files":0,"details":"Total: 1.8MB"}]
[2026-03-30T19:11:23.811Z] WARN: ALERT - [WARN] Memory Usage High: 86.1% > 80%
[2026-03-30T19:11:23.811Z] WARN: MEMORY_WARN - 86.1%
[2026-03-30T19:11:23.811Z] CRITICAL: ALERT - [CRITICAL] Memory Leak Detected: Growth: 25.0% > 20%
[2026-03-30T19:11:23.812Z] Health Check: WARN
  Details: [
  {
    "name": "event_store",
    "status": "OK"
  },
  {
    "name": "circuit_breaker",
    "status": "OK"
  },
  {
    "name": "memory",
    "status": "WARN"
  },
  {
    "name": "uptime",
    "status": "OK"
  },
  {
    "name": "logs",
    "status": "OK"
  }
]
[2026-03-30T19:16:23.812Z] Health Check: OK
[2026-03-30T19:21:23.814Z] Health Check: OK
[2026-03-30T19:26:23.814Z] WARN: ALERT - [WARN] Health Check Warning: [{"name":"event_store","status":"OK","details":"DB exists, last modified 27879s ago"},{"name":"circuit_breaker","status":"OK","state":"CLOSED","details":"Circuit Breaker is CLOSED"},{"name":"memory","status":"WARN","heap_used_mb":4,"heap_total_mb":6,"percent_used":78.3,"rss_mb":54,"growth_percent":-28.6,"samples_count":15,"details":"Heap: 4.4/5.6 MB (78.3%), Trend: -28.6% over 6h"},{"name":"uptime","status":"OK","uptime_seconds":3900,"uptime_hours":1.08,"details":"Process running for 1.08 hours"},{"name":"logs","status":"OK","total_size_mb":1.82,"large_files":0,"details":"Total: 1.8MB"}]
[2026-03-30T19:26:23.815Z] Health Check: WARN
  Details: [
  {
    "name": "event_store",
    "status": "OK"
  },
  {
    "name": "circuit_breaker",
    "status": "OK"
  },
  {
    "name": "memory",
    "status": "WARN"
  },
  {
    "name": "uptime",
    "status": "OK"
  },
  {
    "name": "logs",
    "status": "OK"
  }
]
[2026-03-30T19:31:23.814Z] WARN: ALERT - [WARN] Health Check Warning: [{"name":"event_store","status":"OK","details":"DB exists, last modified 28179s ago"},{"name":"circuit_breaker","status":"OK","state":"CLOSED","details":"Circuit Breaker is CLOSED"},{"name":"memory","status":"WARN","heap_used_mb":4,"heap_total_mb":6,"percent_used":80.4,"rss_mb":54,"growth_percent":-20.4,"samples_count":16,"details":"Heap: 4.5/5.6 MB (80.4%), Trend: -20.4% over 6h"},{"name":"uptime","status":"OK","uptime_seconds":4200,"uptime_hours":1.17,"details":"Process running for 1.17 hours"},{"name":"logs","status":"OK","total_size_mb":1.83,"large_files":0,"details":"Total: 1.8MB"}]
[2026-03-30T19:31:23.815Z] WARN: ALERT - [WARN] Memory Usage High: 80.7% > 80%
[2026-03-30T19:31:23.815Z] WARN: MEMORY_WARN - 80.7%
[2026-03-30T19:31:23.815Z] CRITICAL: ALERT - [CRITICAL] Memory Leak Detected: Growth: 25.0% > 20%
[2026-03-30T19:31:23.815Z] Health Check: WARN
  Details: [
  {
    "name": "event_store",
    "status": "OK"
  },
  {
    "name": "circuit_breaker",
    "status": "OK"
  },
  {
    "name": "memory",
    "status": "WARN"
  },
  {
    "name": "uptime",
    "status": "OK"
  },
  {
    "name": "logs",
    "status": "OK"
  }
]
[2026-03-30T19:36:23.815Z] WARN: ALERT - [WARN] Health Check Warning: [{"name":"event_store","status":"OK","details":"DB exists, last modified 28479s ago"},{"name":"circuit_breaker","status":"OK","state":"CLOSED","details":"Circuit Breaker is CLOSED"},{"name":"memory","status":"WARN","heap_used_mb":5,"heap_total_mb":6,"percent_used":82.7,"rss_mb":54,"growth_percent":-10.5,"samples_count":17,"details":"Heap: 4.6/5.6 MB (82.7%), Trend: -10.5% over 6h"},{"name":"uptime","status":"OK","uptime_seconds":4500,"uptime_hours":1.25,"details":"Process running for 1.25 hours"},{"name":"logs","status":"OK","total_size_mb":1.83,"large_files":0,"details":"Total: 1.8MB"}]
[2026-03-30T19:36:23.816Z] WARN: ALERT - [WARN] Memory Usage High: 83.0% > 80%
[2026-03-30T19:36:23.816Z] WARN: MEMORY_WARN - 83.0%
[2026-03-30T19:36:23.817Z] CRITICAL: ALERT - [CRITICAL] Memory Leak Detected: Growth: 25.0% > 20%
[2026-03-30T19:36:23.818Z] Health Check: WARN
  Details: [
  {
    "name": "event_store",
    "status": "OK"
  },
  {
    "name": "circuit_breaker",
    "status": "OK"
  },
  {
    "name": "memory",
    "status": "WARN"
  },
  {
    "name": "uptime",
    "status": "OK"
  },
  {
    "name": "logs",
    "status": "OK"
  }
]
[2026-03-30T19:41:23.815Z] WARN: ALERT - [WARN] Health Check Warning: [{"name":"event_store","status":"OK","details":"DB exists, last modified 28779s ago"},{"name":"circuit_breaker","status":"OK","state":"CLOSED","details":"Circuit Breaker is CLOSED"},{"name":"memory","status":"WARN","heap_used_mb":5,"heap_total_mb":6,"percent_used":85,"rss_mb":54,"growth_percent":-0.1,"samples_count":18,"details":"Heap: 4.8/5.6 MB (85.0%), Trend: -0.1% over 6h"},{"name":"uptime","status":"OK","uptime_seconds":4800,"uptime_hours":1.33,"details":"Process running for 1.33 hours"},{"name":"logs","status":"OK","total_size_mb":1.83,"large_files":0,"details":"Total: 1.8MB"}]
[2026-03-30T19:41:23.815Z] WARN: ALERT - [WARN] Memory Usage High: 85.3% > 80%
[2026-03-30T19:41:23.815Z] WARN: MEMORY_WARN - 85.3%
[2026-03-30T19:41:23.816Z] CRITICAL: ALERT - [CRITICAL] Memory Leak Detected: Growth: 25.0% > 20%
[2026-03-30T19:41:23.816Z] Health Check: WARN
  Details: [
  {
    "name": "event_store",
    "status": "OK"
  },
  {
    "name": "circuit_breaker",
    "status": "OK"
  },
  {
    "name": "memory",
    "status": "WARN"
  },
  {
    "name": "uptime",
    "status": "OK"
  },
  {
    "name": "logs",
    "status": "OK"
  }
]
[2026-03-30T19:46:23.817Z] Health Check: OK
[2026-03-30T19:51:23.818Z] WARN: ALERT - [WARN] Health Check Warning: [{"name":"event_store","status":"OK","details":"DB exists, last modified 29379s ago"},{"name":"circuit_breaker","status":"OK","state":"CLOSED","details":"Circuit Breaker is CLOSED"},{"name":"memory","status":"WARN","heap_used_mb":4,"heap_total_mb":6,"percent_used":75,"rss_mb":54,"growth_percent":-14.1,"samples_count":20,"details":"Heap: 4.2/5.6 MB (75.0%), Trend: -14.1% over 6h"},{"name":"uptime","status":"OK","uptime_seconds":5400,"uptime_hours":1.5,"details":"Process running for 1.50 hours"},{"name":"logs","status":"OK","total_size_mb":1.85,"large_files":0,"details":"Total: 1.8MB"}]
[2026-03-30T19:51:23.824Z] Health Check: WARN
  Details: [
  {
    "name": "event_store",
    "status": "OK"
  },
  {
    "name": "circuit_breaker",
    "status": "OK"
  },
  {
    "name": "memory",
    "status": "WARN"
  },
  {
    "name": "uptime",
    "status": "OK"
  },
  {
    "name": "logs",
    "status": "OK"
  }
]
[2026-03-30T19:56:23.819Z] WARN: ALERT - [WARN] Health Check Warning: [{"name":"event_store","status":"OK","details":"DB exists, last modified 29679s ago"},{"name":"circuit_breaker","status":"OK","state":"CLOSED","details":"Circuit Breaker is CLOSED"},{"name":"memory","status":"WARN","heap_used_mb":4,"heap_total_mb":6,"percent_used":77.2,"rss_mb":54,"growth_percent":-14.4,"samples_count":21,"details":"Heap: 4.3/5.6 MB (77.2%), Trend: -14.4% over 6h"},{"name":"uptime","status":"OK","uptime_seconds":5700,"uptime_hours":1.58,"details":"Process running for 1.58 hours"},{"name":"logs","status":"OK","total_size_mb":1.85,"large_files":0,"details":"Total: 1.8MB"}]
[2026-03-30T19:56:23.819Z] Health Check: WARN
  Details: [
  {
    "name": "event_store",
    "status": "OK"
  },
  {
    "name": "circuit_breaker",
    "status": "OK"
  },
  {
    "name": "memory",
    "status": "WARN"
  },
  {
    "name": "uptime",
    "status": "OK"
  },
  {
    "name": "logs",
    "status": "OK"
  }
]
[2026-03-30T20:01:23.819Z] WARN: ALERT - [WARN] Health Check Warning: [{"name":"event_store","status":"OK","details":"DB exists, last modified 29979s ago"},{"name":"circuit_breaker","status":"OK","state":"CLOSED","details":"Circuit Breaker is CLOSED"},{"name":"memory","status":"WARN","heap_used_mb":4,"heap_total_mb":6,"percent_used":79.3,"rss_mb":54,"growth_percent":-12.3,"samples_count":22,"details":"Heap: 4.4/5.6 MB (79.3%), Trend: -12.3% over 6h"},{"name":"uptime","status":"OK","uptime_seconds":6000,"uptime_hours":1.67,"details":"Process running for 1.67 hours"},{"name":"logs","status":"OK","total_size_mb":1.85,"large_files":0,"details":"Total: 1.9MB"}]
[2026-03-30T20:01:23.820Z] Health Check: WARN
  Details: [
  {
    "name": "event_store",
    "status": "OK"
  },
  {
    "name": "circuit_breaker",
    "status": "OK"
  },
  {
    "name": "memory",
    "status": "WARN"
  },
  {
    "name": "uptime",
    "status": "OK"
  },
  {
    "name": "logs",
    "status": "OK"
  }
]
[2026-03-30T20:06:23.820Z] WARN: ALERT - [WARN] Health Check Warning: [{"name":"event_store","status":"OK","details":"DB exists, last modified 30279s ago"},{"name":"circuit_breaker","status":"OK","state":"CLOSED","details":"Circuit Breaker is CLOSED"},{"name":"memory","status":"WARN","heap_used_mb":5,"heap_total_mb":6,"percent_used":81.4,"rss_mb":54,"growth_percent":-8.6,"samples_count":23,"details":"Heap: 4.6/5.6 MB (81.4%), Trend: -8.6% over 6h"},{"name":"uptime","status":"OK","uptime_seconds":6300,"uptime_hours":1.75,"details":"Process running for 1.75 hours"},{"name":"logs","status":"OK","total_size_mb":1.86,"large_files":0,"details":"Total: 1.9MB"}]
[2026-03-30T20:06:23.820Z] WARN: ALERT - [WARN] Memory Usage High: 81.8% > 80%
[2026-03-30T20:06:23.820Z] WARN: MEMORY_WARN - 81.8%
[2026-03-30T20:06:23.821Z] CRITICAL: ALERT - [CRITICAL] Memory Leak Detected: Growth: 25.0% > 20%
[2026-03-30T20:06:23.821Z] Health Check: WARN
  Details: [
  {
    "name": "event_store",
    "status": "OK"
  },
  {
    "name": "circuit_breaker",
    "status": "OK"
  },
  {
    "name": "memory",
    "status": "WARN"
  },
  {
    "name": "uptime",
    "status": "OK"
  },
  {
    "name": "logs",
    "status": "OK"
  }
]
[2026-03-30T20:11:23.820Z] WARN: ALERT - [WARN] Health Check Warning: [{"name":"event_store","status":"OK","details":"DB exists, last modified 30579s ago"},{"name":"circuit_breaker","status":"OK","state":"CLOSED","details":"Circuit Breaker is CLOSED"},{"name":"memory","status":"WARN","heap_used_mb":5,"heap_total_mb":6,"percent_used":83.8,"rss_mb":54,"growth_percent":-3.7,"samples_count":24,"details":"Heap: 4.7/5.6 MB (83.8%), Trend: -3.7% over 6h"},{"name":"uptime","status":"OK","uptime_seconds":6600,"uptime_hours":1.83,"details":"Process running for 1.83 hours"},{"name":"logs","status":"OK","total_size_mb":1.86,"large_files":0,"details":"Total: 1.9MB"}]
[2026-03-30T20:11:23.820Z] WARN: ALERT - [WARN] Memory Usage High: 84.1% > 80%
[2026-03-30T20:11:23.821Z] WARN: MEMORY_WARN - 84.1%
[2026-03-30T20:11:23.821Z] CRITICAL: ALERT - [CRITICAL] Memory Leak Detected: Growth: 25.0% > 20%
[2026-03-30T20:11:23.822Z] Health Check: WARN
  Details: [
  {
    "name": "event_store",
    "status": "OK"
  },
  {
    "name": "circuit_breaker",
    "status": "OK"
  },
  {
    "name": "memory",
    "status": "WARN"
  },
  {
    "name": "uptime",
    "status": "OK"
  },
  {
    "name": "logs",
    "status": "OK"
  }
]
[2026-03-30T20:16:23.821Z] WARN: ALERT - [WARN] Health Check Warning: [{"name":"event_store","status":"OK","details":"DB exists, last modified 30879s ago"},{"name":"circuit_breaker","status":"OK","state":"CLOSED","details":"Circuit Breaker is CLOSED"},{"name":"memory","status":"WARN","heap_used_mb":5,"heap_total_mb":6,"percent_used":86.1,"rss_mb":54,"growth_percent":1.9,"samples_count":25,"details":"Heap: 4.8/5.6 MB (86.1%), Trend: +1.9% over 6h"},{"name":"uptime","status":"OK","uptime_seconds":6900,"uptime_hours":1.92,"details":"Process running for 1.92 hours"},{"name":"logs","status":"OK","total_size_mb":1.87,"large_files":0,"details":"Total: 1.9MB"}]
[2026-03-30T20:16:23.821Z] WARN: ALERT - [WARN] Memory Usage High: 86.4% > 80%
[2026-03-30T20:16:23.822Z] WARN: MEMORY_WARN - 86.4%
[2026-03-30T20:16:23.822Z] CRITICAL: ALERT - [CRITICAL] Memory Leak Detected: Growth: 25.0% > 20%
[2026-03-30T20:16:23.822Z] Health Check: WARN
  Details: [
  {
    "name": "event_store",
    "status": "OK"
  },
  {
    "name": "circuit_breaker",
    "status": "OK"
  },
  {
    "name": "memory",
    "status": "WARN"
  },
  {
    "name": "uptime",
    "status": "OK"
  },
  {
    "name": "logs",
    "status": "OK"
  }
]
Heartbeat service stopped
